<?xml version="1.0" encoding="UTF-8"?>
<coverage generated="1776965701816" clover="3.2.0">
  <project timestamp="1776965701816" name="All files">
    <metrics statements="125" coveredstatements="97" conditionals="73" coveredconditionals="42" methods="8" coveredmethods="6" elements="206" coveredelements="145" complexity="0" loc="125" ncloc="125" packages="1" files="3" classes="3"/>
    <file name="chatHandler.js" path="C:\GDG\election\functions\src\chatHandler.js">
      <metrics statements="76" coveredstatements="50" conditionals="44" coveredconditionals="16" methods="5" coveredmethods="3"/>
      <line num="12" count="1" type="stmt"/>
      <line num="13" count="1" type="stmt"/>
      <line num="14" count="1" type="stmt"/>
      <line num="15" count="1" type="stmt"/>
      <line num="18" count="1" type="stmt"/>
      <line num="19" count="1" type="stmt"/>
      <line num="24" count="1" type="stmt"/>
      <line num="27" count="1" type="stmt"/>
      <line num="30" count="1" type="stmt"/>
      <line num="38" count="2" type="cond" truecount="1" falsecount="1"/>
      <line num="39" count="2" type="stmt"/>
      <line num="53" count="1" type="stmt"/>
      <line num="54" count="1" type="stmt"/>
      <line num="55" count="1" type="stmt"/>
      <line num="57" count="1" type="stmt"/>
      <line num="58" count="1" type="stmt"/>
      <line num="59" count="1" type="cond" truecount="1" falsecount="1"/>
      <line num="60" count="1" type="stmt"/>
      <line num="61" count="1" type="stmt"/>
      <line num="64" count="0" type="stmt"/>
      <line num="65" count="0" type="cond" truecount="0" falsecount="2"/>
      <line num="67" count="0" type="cond" truecount="0" falsecount="2"/>
      <line num="68" count="0" type="stmt"/>
      <line num="71" count="0" type="stmt"/>
      <line num="72" count="0" type="stmt"/>
      <line num="73" count="0" type="stmt"/>
      <line num="75" count="0" type="stmt"/>
      <line num="76" count="0" type="stmt"/>
      <line num="83" count="1" type="stmt"/>
      <line num="91" count="5" type="cond" truecount="2" falsecount="0"/>
      <line num="92" count="1" type="stmt"/>
      <line num="98" count="4" type="stmt"/>
      <line num="99" count="4" type="stmt"/>
      <line num="102" count="4" type="cond" truecount="4" falsecount="0"/>
      <line num="103" count="2" type="stmt"/>
      <line num="109" count="2" type="stmt"/>
      <line num="111" count="2" type="cond" truecount="1" falsecount="1"/>
      <line num="112" count="0" type="stmt"/>
      <line num="115" count="2" type="cond" truecount="2" falsecount="0"/>
      <line num="116" count="1" type="stmt"/>
      <line num="128" count="1" type="stmt"/>
      <line num="129" count="1" type="cond" truecount="2" falsecount="2"/>
      <line num="130" count="0" type="stmt"/>
      <line num="131" count="0" type="cond" truecount="0" falsecount="2"/>
      <line num="132" count="0" type="stmt"/>
      <line num="134" count="0" type="cond" truecount="0" falsecount="2"/>
      <line num="135" count="0" type="stmt"/>
      <line num="136" count="0" type="cond" truecount="0" falsecount="2"/>
      <line num="137" count="0" type="cond" truecount="0" falsecount="2"/>
      <line num="138" count="0" type="cond" truecount="0" falsecount="2"/>
      <line num="140" count="0" type="cond" truecount="0" falsecount="2"/>
      <line num="141" count="0" type="stmt"/>
      <line num="146" count="1" type="stmt"/>
      <line num="147" count="1" type="cond" truecount="1" falsecount="1"/>
      <line num="148" count="0" type="stmt"/>
      <line num="154" count="1" type="stmt"/>
      <line num="156" count="1" type="stmt"/>
      <line num="157" count="1" type="cond" truecount="1" falsecount="1"/>
      <line num="158" count="0" type="stmt"/>
      <line num="164" count="1" type="stmt"/>
      <line num="165" count="1" type="stmt"/>
      <line num="183" count="1" type="cond" truecount="1" falsecount="1"/>
      <line num="189" count="1" type="stmt"/>
      <line num="190" count="1" type="stmt"/>
      <line num="191" count="1" type="stmt"/>
      <line num="194" count="1" type="stmt"/>
      <line num="195" count="1" type="stmt"/>
      <line num="197" count="1" type="stmt"/>
      <line num="203" count="1" type="stmt"/>
      <line num="209" count="1" type="stmt"/>
      <line num="211" count="1" type="stmt"/>
      <line num="213" count="0" type="stmt"/>
      <line num="215" count="0" type="cond" truecount="0" falsecount="2"/>
      <line num="216" count="0" type="stmt"/>
      <line num="219" count="0" type="stmt"/>
      <line num="227" count="1" type="stmt"/>
    </file>
    <file name="eligibilityHandler.js" path="C:\GDG\election\functions\src\eligibilityHandler.js">
      <metrics statements="31" coveredstatements="29" conditionals="23" coveredconditionals="21" methods="1" coveredmethods="1"/>
      <line num="6" count="1" type="stmt"/>
      <line num="7" count="1" type="stmt"/>
      <line num="8" count="1" type="stmt"/>
      <line num="10" count="1" type="stmt"/>
      <line num="11" count="1" type="stmt"/>
      <line num="16" count="1" type="stmt"/>
      <line num="19" count="1" type="stmt"/>
      <line num="24" count="1" type="stmt"/>
      <line num="32" count="7" type="cond" truecount="2" falsecount="0"/>
      <line num="33" count="1" type="stmt"/>
      <line num="39" count="6" type="stmt"/>
      <line num="40" count="6" type="stmt"/>
      <line num="43" count="6" type="cond" truecount="5" falsecount="0"/>
      <line num="44" count="1" type="stmt"/>
      <line num="50" count="5" type="cond" truecount="4" falsecount="0"/>
      <line num="51" count="1" type="stmt"/>
      <line num="57" count="4" type="cond" truecount="3" falsecount="1"/>
      <line num="58" count="0" type="stmt"/>
      <line num="67" count="4" type="cond" truecount="2" falsecount="0"/>
      <line num="68" count="1" type="stmt"/>
      <line num="74" count="3" type="cond" truecount="2" falsecount="0"/>
      <line num="75" count="1" type="stmt"/>
      <line num="76" count="1" type="stmt"/>
      <line num="81" count="2" type="cond" truecount="2" falsecount="0"/>
      <line num="82" count="1" type="stmt"/>
      <line num="89" count="1" type="stmt"/>
      <line num="98" count="4" type="stmt"/>
      <line num="99" count="4" type="stmt"/>
      <line num="107" count="0" type="stmt"/>
      <line num="110" count="4" type="stmt"/>
      <line num="114" count="1" type="stmt"/>
    </file>
    <file name="faqHandler.js" path="C:\GDG\election\functions\src\faqHandler.js">
      <metrics statements="18" coveredstatements="18" conditionals="6" coveredconditionals="5" methods="2" coveredmethods="2"/>
      <line num="6" count="2" type="stmt"/>
      <line num="7" count="2" type="stmt"/>
      <line num="8" count="2" type="stmt"/>
      <line num="10" count="2" type="stmt"/>
      <line num="11" count="2" type="stmt"/>
      <line num="16" count="2" type="stmt"/>
      <line num="21" count="2" type="stmt"/>
      <line num="28" count="4" type="cond" truecount="1" falsecount="1"/>
      <line num="30" count="4" type="stmt"/>
      <line num="31" count="4" type="stmt"/>
      <line num="33" count="4" type="cond" truecount="4" falsecount="0"/>
      <line num="34" count="1" type="stmt"/>
      <line num="40" count="4" type="stmt"/>
      <line num="41" count="6" type="stmt"/>
      <line num="46" count="3" type="stmt"/>
      <line num="48" count="1" type="stmt"/>
      <line num="49" count="1" type="stmt"/>
      <line num="57" count="2" type="stmt"/>
    </file>
  </project>
</coverage>
