{"C:\\GDG\\election\\functions\\src\\chatHandler.js": {"path":"C:\\GDG\\election\\functions\\src\\chatHandler.js","statementMap":{"0":{"start":{"line":12,"column":31},"end":{"line":12,"column":69}},"1":{"start":{"line":13,"column":37},"end":{"line":13,"column":72}},"2":{"start":{"line":14,"column":26},"end":{"line":14,"column":55}},"3":{"start":{"line":15,"column":31},"end":{"line":15,"column":63}},"4":{"start":{"line":18,"column":0},"end":{"line":22,"column":1}},"5":{"start":{"line":19,"column":2},"end":{"line":19,"column":18}},"6":{"start":{"line":24,"column":11},"end":{"line":24,"column":25}},"7":{"start":{"line":27,"column":22},"end":{"line":27,"column":473}},"8":{"start":{"line":30,"column":30},"end":{"line":30,"column":32}},"9":{"start":{"line":38,"column":2},"end":{"line":38,"column":43}},"10":{"start":{"line":38,"column":33},"end":{"line":38,"column":43}},"11":{"start":{"line":39,"column":2},"end":{"line":44,"column":12}},"12":{"start":{"line":53,"column":23},"end":{"line":53,"column":59}},"13":{"start":{"line":54,"column":14},"end":{"line":54,"column":24}},"14":{"start":{"line":55,"column":21},"end":{"line":55,"column":34}},"15":{"start":{"line":57,"column":2},"end":{"line":77,"column":3}},"16":{"start":{"line":58,"column":16},"end":{"line":58,"column":40}},"17":{"start":{"line":59,"column":4},"end":{"line":62,"column":5}},"18":{"start":{"line":60,"column":6},"end":{"line":60,"column":50}},"19":{"start":{"line":61,"column":6},"end":{"line":61,"column":18}},"20":{"start":{"line":64,"column":17},"end":{"line":64,"column":27}},"21":{"start":{"line":65,"column":27},"end":{"line":65,"column":78}},"22":{"start":{"line":65,"column":63},"end":{"line":65,"column":77}},"23":{"start":{"line":67,"column":4},"end":{"line":69,"column":5}},"24":{"start":{"line":68,"column":6},"end":{"line":68,"column":19}},"25":{"start":{"line":71,"column":4},"end":{"line":71,"column":29}},"26":{"start":{"line":72,"column":4},"end":{"line":72,"column":60}},"27":{"start":{"line":73,"column":4},"end":{"line":73,"column":16}},"28":{"start":{"line":75,"column":4},"end":{"line":75,"column":52}},"29":{"start":{"line":76,"column":4},"end":{"line":76,"column":16}},"30":{"start":{"line":83,"column":20},"end":{"line":225,"column":1}},"31":{"start":{"line":91,"column":4},"end":{"line":96,"column":5}},"32":{"start":{"line":92,"column":6},"end":{"line":95,"column":8}},"33":{"start":{"line":98,"column":16},"end":{"line":98,"column":32}},"34":{"start":{"line":99,"column":50},"end":{"line":99,"column":62}},"35":{"start":{"line":102,"column":4},"end":{"line":107,"column":5}},"36":{"start":{"line":103,"column":6},"end":{"line":106,"column":8}},"37":{"start":{"line":109,"column":29},"end":{"line":109,"column":55}},"38":{"start":{"line":111,"column":4},"end":{"line":113,"column":5}},"39":{"start":{"line":112,"column":6},"end":{"line":112,"column":75}},"40":{"start":{"line":115,"column":4},"end":{"line":120,"column":5}},"41":{"start":{"line":116,"column":6},"end":{"line":119,"column":8}},"42":{"start":{"line":128,"column":24},"end":{"line":128,"column":37}},"43":{"start":{"line":129,"column":4},"end":{"line":143,"column":5}},"44":{"start":{"line":130,"column":27},"end":{"line":130,"column":29}},"45":{"start":{"line":131,"column":6},"end":{"line":133,"column":7}},"46":{"start":{"line":132,"column":8},"end":{"line":132,"column":99}},"47":{"start":{"line":134,"column":6},"end":{"line":139,"column":7}},"48":{"start":{"line":135,"column":37},"end":{"line":135,"column":66}},"49":{"start":{"line":136,"column":8},"end":{"line":136,"column":83}},"50":{"start":{"line":136,"column":25},"end":{"line":136,"column":83}},"51":{"start":{"line":137,"column":8},"end":{"line":137,"column":88}},"52":{"start":{"line":137,"column":47},"end":{"line":137,"column":88}},"53":{"start":{"line":138,"column":8},"end":{"line":138,"column":88}},"54":{"start":{"line":138,"column":23},"end":{"line":138,"column":88}},"55":{"start":{"line":140,"column":6},"end":{"line":142,"column":7}},"56":{"start":{"line":141,"column":8},"end":{"line":141,"column":71}},"57":{"start":{"line":146,"column":24},"end":{"line":146,"column":49}},"58":{"start":{"line":147,"column":4},"end":{"line":152,"column":5}},"59":{"start":{"line":148,"column":6},"end":{"line":151,"column":8}},"60":{"start":{"line":154,"column":4},"end":{"line":223,"column":5}},"61":{"start":{"line":156,"column":21},"end":{"line":156,"column":47}},"62":{"start":{"line":157,"column":6},"end":{"line":162,"column":7}},"63":{"start":{"line":158,"column":8},"end":{"line":161,"column":10}},"64":{"start":{"line":164,"column":20},"end":{"line":164,"column":50}},"65":{"start":{"line":165,"column":20},"end":{"line":180,"column":8}},"66":{"start":{"line":183,"column":26},"end":{"line":186,"column":9}},"67":{"start":{"line":183,"column":56},"end":{"line":186,"column":7}},"68":{"start":{"line":189,"column":19},"end":{"line":189,"column":60}},"69":{"start":{"line":190,"column":21},"end":{"line":190,"column":61}},"70":{"start":{"line":191,"column":20},"end":{"line":191,"column":42}},"71":{"start":{"line":194,"column":22},"end":{"line":194,"column":79}},"72":{"start":{"line":195,"column":20},"end":{"line":195,"column":30}},"73":{"start":{"line":197,"column":6},"end":{"line":201,"column":9}},"74":{"start":{"line":203,"column":6},"end":{"line":207,"column":9}},"75":{"start":{"line":209,"column":6},"end":{"line":209,"column":27}},"76":{"start":{"line":211,"column":6},"end":{"line":211,"column":23}},"77":{"start":{"line":213,"column":6},"end":{"line":213,"column":50}},"78":{"start":{"line":215,"column":6},"end":{"line":217,"column":7}},"79":{"start":{"line":216,"column":8},"end":{"line":216,"column":20}},"80":{"start":{"line":219,"column":6},"end":{"line":222,"column":8}},"81":{"start":{"line":227,"column":0},"end":{"line":227,"column":33}}},"fnMap":{"0":{"name":"sanitizeInput","decl":{"start":{"line":37,"column":9},"end":{"line":37,"column":22}},"loc":{"start":{"line":37,"column":30},"end":{"line":45,"column":1}},"line":37},"1":{"name":"checkRateLimit","decl":{"start":{"line":52,"column":15},"end":{"line":52,"column":29}},"loc":{"start":{"line":52,"column":35},"end":{"line":78,"column":1}},"line":52},"2":{"name":"(anonymous_2)","decl":{"start":{"line":65,"column":56},"end":{"line":65,"column":57}},"loc":{"start":{"line":65,"column":63},"end":{"line":65,"column":77}},"line":65},"3":{"name":"(anonymous_3)","decl":{"start":{"line":89,"column":2},"end":{"line":89,"column":3}},"loc":{"start":{"line":89,"column":21},"end":{"line":224,"column":3}},"line":89},"4":{"name":"(anonymous_4)","decl":{"start":{"line":183,"column":46},"end":{"line":183,"column":47}},"loc":{"start":{"line":183,"column":56},"end":{"line":186,"column":7}},"line":183}},"branchMap":{"0":{"loc":{"start":{"line":38,"column":2},"end":{"line":38,"column":43}},"type":"if","locations":[{"start":{"line":38,"column":2},"end":{"line":38,"column":43}},{"start":{},"end":{}}],"line":38},"1":{"loc":{"start":{"line":59,"column":4},"end":{"line":62,"column":5}},"type":"if","locations":[{"start":{"line":59,"column":4},"end":{"line":62,"column":5}},{"start":{},"end":{}}],"line":59},"2":{"loc":{"start":{"line":65,"column":28},"end":{"line":65,"column":47}},"type":"binary-expr","locations":[{"start":{"line":65,"column":28},"end":{"line":65,"column":41}},{"start":{"line":65,"column":45},"end":{"line":65,"column":47}}],"line":65},"3":{"loc":{"start":{"line":67,"column":4},"end":{"line":69,"column":5}},"type":"if","locations":[{"start":{"line":67,"column":4},"end":{"line":69,"column":5}},{"start":{},"end":{}}],"line":67},"4":{"loc":{"start":{"line":91,"column":4},"end":{"line":96,"column":5}},"type":"if","locations":[{"start":{"line":91,"column":4},"end":{"line":96,"column":5}},{"start":{},"end":{}}],"line":91},"5":{"loc":{"start":{"line":102,"column":4},"end":{"line":107,"column":5}},"type":"if","locations":[{"start":{"line":102,"column":4},"end":{"line":107,"column":5}},{"start":{},"end":{}}],"line":102},"6":{"loc":{"start":{"line":102,"column":8},"end":{"line":102,"column":55}},"type":"binary-expr","locations":[{"start":{"line":102,"column":8},"end":{"line":102,"column":20}},{"start":{"line":102,"column":24},"end":{"line":102,"column":55}}],"line":102},"7":{"loc":{"start":{"line":111,"column":4},"end":{"line":113,"column":5}},"type":"if","locations":[{"start":{"line":111,"column":4},"end":{"line":113,"column":5}},{"start":{},"end":{}}],"line":111},"8":{"loc":{"start":{"line":115,"column":4},"end":{"line":120,"column":5}},"type":"if","locations":[{"start":{"line":115,"column":4},"end":{"line":120,"column":5}},{"start":{},"end":{}}],"line":115},"9":{"loc":{"start":{"line":129,"column":4},"end":{"line":143,"column":5}},"type":"if","locations":[{"start":{"line":129,"column":4},"end":{"line":143,"column":5}},{"start":{},"end":{}}],"line":129},"10":{"loc":{"start":{"line":129,"column":8},"end":{"line":129,"column":54}},"type":"binary-expr","locations":[{"start":{"line":129,"column":8},"end":{"line":129,"column":19}},{"start":{"line":129,"column":23},"end":{"line":129,"column":54}}],"line":129},"11":{"loc":{"start":{"line":131,"column":6},"end":{"line":133,"column":7}},"type":"if","locations":[{"start":{"line":131,"column":6},"end":{"line":133,"column":7}},{"start":{},"end":{}}],"line":131},"12":{"loc":{"start":{"line":134,"column":6},"end":{"line":139,"column":7}},"type":"if","locations":[{"start":{"line":134,"column":6},"end":{"line":139,"column":7}},{"start":{},"end":{}}],"line":134},"13":{"loc":{"start":{"line":136,"column":8},"end":{"line":136,"column":83}},"type":"if","locations":[{"start":{"line":136,"column":8},"end":{"line":136,"column":83}},{"start":{},"end":{}}],"line":136},"14":{"loc":{"start":{"line":137,"column":8},"end":{"line":137,"column":88}},"type":"if","locations":[{"start":{"line":137,"column":8},"end":{"line":137,"column":88}},{"start":{},"end":{}}],"line":137},"15":{"loc":{"start":{"line":138,"column":8},"end":{"line":138,"column":88}},"type":"if","locations":[{"start":{"line":138,"column":8},"end":{"line":138,"column":88}},{"start":{},"end":{}}],"line":138},"16":{"loc":{"start":{"line":140,"column":6},"end":{"line":142,"column":7}},"type":"if","locations":[{"start":{"line":140,"column":6},"end":{"line":142,"column":7}},{"start":{},"end":{}}],"line":140},"17":{"loc":{"start":{"line":147,"column":4},"end":{"line":152,"column":5}},"type":"if","locations":[{"start":{"line":147,"column":4},"end":{"line":152,"column":5}},{"start":{},"end":{}}],"line":147},"18":{"loc":{"start":{"line":157,"column":6},"end":{"line":162,"column":7}},"type":"if","locations":[{"start":{"line":157,"column":6},"end":{"line":162,"column":7}},{"start":{},"end":{}}],"line":157},"19":{"loc":{"start":{"line":183,"column":27},"end":{"line":183,"column":40}},"type":"binary-expr","locations":[{"start":{"line":183,"column":27},"end":{"line":183,"column":34}},{"start":{"line":183,"column":38},"end":{"line":183,"column":40}}],"line":183},"20":{"loc":{"start":{"line":184,"column":14},"end":{"line":184,"column":52}},"type":"cond-expr","locations":[{"start":{"line":184,"column":36},"end":{"line":184,"column":42}},{"start":{"line":184,"column":45},"end":{"line":184,"column":52}}],"line":184},"21":{"loc":{"start":{"line":215,"column":6},"end":{"line":217,"column":7}},"type":"if","locations":[{"start":{"line":215,"column":6},"end":{"line":217,"column":7}},{"start":{},"end":{}}],"line":215}},"s":{"0":1,"1":1,"2":1,"3":1,"4":1,"5":1,"6":1,"7":1,"8":1,"9":2,"10":0,"11":2,"12":1,"13":1,"14":1,"15":1,"16":1,"17":1,"18":1,"19":1,"20":0,"21":0,"22":0,"23":0,"24":0,"25":0,"26":0,"27":0,"28":0,"29":0,"30":1,"31":5,"32":1,"33":4,"34":4,"35":4,"36":2,"37":2,"38":2,"39":0,"40":2,"41":1,"42":1,"43":1,"44":0,"45":0,"46":0,"47":0,"48":0,"49":0,"50":0,"51":0,"52":0,"53":0,"54":0,"55":0,"56":0,"57":1,"58":1,"59":0,"60":1,"61":1,"62":1,"63":0,"64":1,"65":1,"66":1,"67":0,"68":1,"69":1,"70":1,"71":1,"72":1,"73":1,"74":1,"75":1,"76":1,"77":0,"78":0,"79":0,"80":0,"81":1},"f":{"0":2,"1":1,"2":0,"3":5,"4":0},"b":{"0":[0,2],"1":[1,0],"2":[0,0],"3":[0,0],"4":[1,4],"5":[2,2],"6":[4,3],"7":[0,2],"8":[1,1],"9":[0,1],"10":[1,0],"11":[0,0],"12":[0,0],"13":[0,0],"14":[0,0],"15":[0,0],"16":[0,0],"17":[0,1],"18":[0,1],"19":[1,0],"20":[0,0],"21":[0,0]},"_coverageSchema":"1a1c01bbd47fc00a2c39e90264f33305004495a9","hash":"adf7e68e43476ce3eb780f1be54e28e488238b70"}
,"C:\\GDG\\election\\functions\\src\\eligibilityHandler.js": {"path":"C:\\GDG\\election\\functions\\src\\eligibilityHandler.js","statementMap":{"0":{"start":{"line":6,"column":31},"end":{"line":6,"column":69}},"1":{"start":{"line":7,"column":37},"end":{"line":7,"column":72}},"2":{"start":{"line":8,"column":26},"end":{"line":8,"column":55}},"3":{"start":{"line":10,"column":0},"end":{"line":14,"column":1}},"4":{"start":{"line":11,"column":2},"end":{"line":11,"column":18}},"5":{"start":{"line":16,"column":11},"end":{"line":16,"column":25}},"6":{"start":{"line":19,"column":19},"end":{"line":19,"column":21}},"7":{"start":{"line":24,"column":25},"end":{"line":112,"column":1}},"8":{"start":{"line":32,"column":4},"end":{"line":37,"column":5}},"9":{"start":{"line":33,"column":6},"end":{"line":36,"column":8}},"10":{"start":{"line":39,"column":16},"end":{"line":39,"column":32}},"11":{"start":{"line":40,"column":50},"end":{"line":40,"column":62}},"12":{"start":{"line":43,"column":4},"end":{"line":48,"column":5}},"13":{"start":{"line":44,"column":6},"end":{"line":47,"column":8}},"14":{"start":{"line":50,"column":4},"end":{"line":55,"column":5}},"15":{"start":{"line":51,"column":6},"end":{"line":54,"column":8}},"16":{"start":{"line":57,"column":4},"end":{"line":62,"column":5}},"17":{"start":{"line":58,"column":6},"end":{"line":61,"column":8}},"18":{"start":{"line":67,"column":4},"end":{"line":95,"column":5}},"19":{"start":{"line":68,"column":6},"end":{"line":73,"column":8}},"20":{"start":{"line":74,"column":11},"end":{"line":95,"column":5}},"21":{"start":{"line":75,"column":24},"end":{"line":75,"column":40}},"22":{"start":{"line":76,"column":6},"end":{"line":80,"column":8}},"23":{"start":{"line":81,"column":11},"end":{"line":95,"column":5}},"24":{"start":{"line":82,"column":6},"end":{"line":87,"column":8}},"25":{"start":{"line":89,"column":6},"end":{"line":94,"column":8}},"26":{"start":{"line":98,"column":4},"end":{"line":108,"column":5}},"27":{"start":{"line":99,"column":6},"end":{"line":105,"column":9}},"28":{"start":{"line":107,"column":6},"end":{"line":107,"column":61}},"29":{"start":{"line":110,"column":4},"end":{"line":110,"column":18}},"30":{"start":{"line":114,"column":0},"end":{"line":114,"column":38}}},"fnMap":{"0":{"name":"(anonymous_0)","decl":{"start":{"line":30,"column":2},"end":{"line":30,"column":3}},"loc":{"start":{"line":30,"column":21},"end":{"line":111,"column":3}},"line":30}},"branchMap":{"0":{"loc":{"start":{"line":32,"column":4},"end":{"line":37,"column":5}},"type":"if","locations":[{"start":{"line":32,"column":4},"end":{"line":37,"column":5}},{"start":{},"end":{}}],"line":32},"1":{"loc":{"start":{"line":43,"column":4},"end":{"line":48,"column":5}},"type":"if","locations":[{"start":{"line":43,"column":4},"end":{"line":48,"column":5}},{"start":{},"end":{}}],"line":43},"2":{"loc":{"start":{"line":43,"column":8},"end":{"line":43,"column":55}},"type":"binary-expr","locations":[{"start":{"line":43,"column":8},"end":{"line":43,"column":31}},{"start":{"line":43,"column":35},"end":{"line":43,"column":42}},{"start":{"line":43,"column":46},"end":{"line":43,"column":55}}],"line":43},"3":{"loc":{"start":{"line":50,"column":4},"end":{"line":55,"column":5}},"type":"if","locations":[{"start":{"line":50,"column":4},"end":{"line":55,"column":5}},{"start":{},"end":{}}],"line":50},"4":{"loc":{"start":{"line":50,"column":8},"end":{"line":50,"column":66}},"type":"binary-expr","locations":[{"start":{"line":50,"column":8},"end":{"line":50,"column":20}},{"start":{"line":50,"column":24},"end":{"line":50,"column":66}}],"line":50},"5":{"loc":{"start":{"line":57,"column":4},"end":{"line":62,"column":5}},"type":"if","locations":[{"start":{"line":57,"column":4},"end":{"line":62,"column":5}},{"start":{},"end":{}}],"line":57},"6":{"loc":{"start":{"line":57,"column":8},"end":{"line":57,"column":74}},"type":"binary-expr","locations":[{"start":{"line":57,"column":8},"end":{"line":57,"column":24}},{"start":{"line":57,"column":28},"end":{"line":57,"column":74}}],"line":57},"7":{"loc":{"start":{"line":67,"column":4},"end":{"line":95,"column":5}},"type":"if","locations":[{"start":{"line":67,"column":4},"end":{"line":95,"column":5}},{"start":{"line":74,"column":11},"end":{"line":95,"column":5}}],"line":67},"8":{"loc":{"start":{"line":74,"column":11},"end":{"line":95,"column":5}},"type":"if","locations":[{"start":{"line":74,"column":11},"end":{"line":95,"column":5}},{"start":{"line":81,"column":11},"end":{"line":95,"column":5}}],"line":74},"9":{"loc":{"start":{"line":79,"column":69},"end":{"line":79,"column":93}},"type":"cond-expr","locations":[{"start":{"line":79,"column":85},"end":{"line":79,"column":88}},{"start":{"line":79,"column":91},"end":{"line":79,"column":93}}],"line":79},"10":{"loc":{"start":{"line":81,"column":11},"end":{"line":95,"column":5}},"type":"if","locations":[{"start":{"line":81,"column":11},"end":{"line":95,"column":5}},{"start":{"line":88,"column":11},"end":{"line":95,"column":5}}],"line":81}},"s":{"0":1,"1":1,"2":1,"3":1,"4":1,"5":1,"6":1,"7":1,"8":7,"9":1,"10":6,"11":6,"12":6,"13":1,"14":5,"15":1,"16":4,"17":0,"18":4,"19":1,"20":3,"21":1,"22":1,"23":2,"24":1,"25":1,"26":4,"27":4,"28":0,"29":4,"30":1},"f":{"0":7},"b":{"0":[1,6],"1":[1,5],"2":[6,6,5],"3":[1,4],"4":[5,5],"5":[0,4],"6":[4,4],"7":[1,3],"8":[1,2],"9":[1,0],"10":[1,1]},"_coverageSchema":"1a1c01bbd47fc00a2c39e90264f33305004495a9","hash":"bf11ef766e6e1335f58ebde223d9908d7304cc08"}
,"C:\\GDG\\election\\functions\\src\\faqHandler.js": {"path":"C:\\GDG\\election\\functions\\src\\faqHandler.js","statementMap":{"0":{"start":{"line":6,"column":31},"end":{"line":6,"column":69}},"1":{"start":{"line":7,"column":25},"end":{"line":7,"column":60}},"2":{"start":{"line":8,"column":26},"end":{"line":8,"column":55}},"3":{"start":{"line":10,"column":0},"end":{"line":14,"column":1}},"4":{"start":{"line":11,"column":2},"end":{"line":11,"column":18}},"5":{"start":{"line":16,"column":11},"end":{"line":16,"column":25}},"6":{"start":{"line":21,"column":19},"end":{"line":55,"column":1}},"7":{"start":{"line":28,"column":25},"end":{"line":28,"column":43}},"8":{"start":{"line":30,"column":4},"end":{"line":53,"column":5}},"9":{"start":{"line":31,"column":18},"end":{"line":31,"column":56}},"10":{"start":{"line":33,"column":6},"end":{"line":38,"column":7}},"11":{"start":{"line":34,"column":8},"end":{"line":37,"column":28}},"12":{"start":{"line":40,"column":23},"end":{"line":40,"column":40}},"13":{"start":{"line":41,"column":19},"end":{"line":44,"column":9}},"14":{"start":{"line":41,"column":47},"end":{"line":44,"column":7}},"15":{"start":{"line":46,"column":6},"end":{"line":46,"column":22}},"16":{"start":{"line":48,"column":6},"end":{"line":48,"column":49}},"17":{"start":{"line":49,"column":6},"end":{"line":52,"column":8}},"18":{"start":{"line":57,"column":0},"end":{"line":57,"column":32}}},"fnMap":{"0":{"name":"(anonymous_0)","decl":{"start":{"line":27,"column":2},"end":{"line":27,"column":3}},"loc":{"start":{"line":27,"column":21},"end":{"line":54,"column":3}},"line":27},"1":{"name":"(anonymous_1)","decl":{"start":{"line":41,"column":37},"end":{"line":41,"column":38}},"loc":{"start":{"line":41,"column":47},"end":{"line":44,"column":7}},"line":41}},"branchMap":{"0":{"loc":{"start":{"line":28,"column":25},"end":{"line":28,"column":43}},"type":"binary-expr","locations":[{"start":{"line":28,"column":25},"end":{"line":28,"column":37}},{"start":{"line":28,"column":41},"end":{"line":28,"column":43}}],"line":28},"1":{"loc":{"start":{"line":33,"column":6},"end":{"line":38,"column":7}},"type":"if","locations":[{"start":{"line":33,"column":6},"end":{"line":38,"column":7}},{"start":{},"end":{}}],"line":33},"2":{"loc":{"start":{"line":33,"column":10},"end":{"line":33,"column":40}},"type":"binary-expr","locations":[{"start":{"line":33,"column":10},"end":{"line":33,"column":18}},{"start":{"line":33,"column":22},"end":{"line":33,"column":40}}],"line":33}},"s":{"0":2,"1":2,"2":2,"3":2,"4":2,"5":2,"6":2,"7":4,"8":4,"9":4,"10":4,"11":1,"12":4,"13":3,"14":6,"15":3,"16":1,"17":1,"18":2},"f":{"0":4,"1":6},"b":{"0":[4,0],"1":[1,3],"2":[4,2]},"_coverageSchema":"1a1c01bbd47fc00a2c39e90264f33305004495a9","hash":"f2816aea095b160f7ad0c03db11abdf97a01de68"}
}
