TN:
SF:src\chatHandler.js
FN:37,sanitizeInput
FN:52,checkRateLimit
FN:65,(anonymous_2)
FN:89,(anonymous_3)
FN:183,(anonymous_4)
FNF:5
FNH:3
FNDA:2,sanitizeInput
FNDA:1,checkRateLimit
FNDA:0,(anonymous_2)
FNDA:5,(anonymous_3)
FNDA:0,(anonymous_4)
DA:12,1
DA:13,1
DA:14,1
DA:15,1
DA:18,1
DA:19,1
DA:24,1
DA:27,1
DA:30,1
DA:38,2
DA:39,2
DA:53,1
DA:54,1
DA:55,1
DA:57,1
DA:58,1
DA:59,1
DA:60,1
DA:61,1
DA:64,0
DA:65,0
DA:67,0
DA:68,0
DA:71,0
DA:72,0
DA:73,0
DA:75,0
DA:76,0
DA:83,1
DA:91,5
DA:92,1
DA:98,4
DA:99,4
DA:102,4
DA:103,2
DA:109,2
DA:111,2
DA:112,0
DA:115,2
DA:116,1
DA:128,1
DA:129,1
DA:130,0
DA:131,0
DA:132,0
DA:134,0
DA:135,0
DA:136,0
DA:137,0
DA:138,0
DA:140,0
DA:141,0
DA:146,1
DA:147,1
DA:148,0
DA:154,1
DA:156,1
DA:157,1
DA:158,0
DA:164,1
DA:165,1
DA:183,1
DA:189,1
DA:190,1
DA:191,1
DA:194,1
DA:195,1
DA:197,1
DA:203,1
DA:209,1
DA:211,1
DA:213,0
DA:215,0
DA:216,0
DA:219,0
DA:227,1
LF:76
LH:50
BRDA:38,0,0,0
BRDA:38,0,1,2
BRDA:59,1,0,1
BRDA:59,1,1,0
BRDA:65,2,0,0
BRDA:65,2,1,0
BRDA:67,3,0,0
BRDA:67,3,1,0
BRDA:91,4,0,1
BRDA:91,4,1,4
BRDA:102,5,0,2
BRDA:102,5,1,2
BRDA:102,6,0,4
BRDA:102,6,1,3
BRDA:111,7,0,0
BRDA:111,7,1,2
BRDA:115,8,0,1
BRDA:115,8,1,1
BRDA:129,9,0,0
BRDA:129,9,1,1
BRDA:129,10,0,1
BRDA:129,10,1,0
BRDA:131,11,0,0
BRDA:131,11,1,0
BRDA:134,12,0,0
BRDA:134,12,1,0
BRDA:136,13,0,0
BRDA:136,13,1,0
BRDA:137,14,0,0
BRDA:137,14,1,0
BRDA:138,15,0,0
BRDA:138,15,1,0
BRDA:140,16,0,0
BRDA:140,16,1,0
BRDA:147,17,0,0
BRDA:147,17,1,1
BRDA:157,18,0,0
BRDA:157,18,1,1
BRDA:183,19,0,1
BRDA:183,19,1,0
BRDA:184,20,0,0
BRDA:184,20,1,0
BRDA:215,21,0,0
BRDA:215,21,1,0
BRF:44
BRH:16
end_of_record
TN:
SF:src\eligibilityHandler.js
FN:30,(anonymous_0)
FNF:1
FNH:1
FNDA:7,(anonymous_0)
DA:6,1
DA:7,1
DA:8,1
DA:10,1
DA:11,1
DA:16,1
DA:19,1
DA:24,1
DA:32,7
DA:33,1
DA:39,6
DA:40,6
DA:43,6
DA:44,1
DA:50,5
DA:51,1
DA:57,4
DA:58,0
DA:67,4
DA:68,1
DA:74,3
DA:75,1
DA:76,1
DA:81,2
DA:82,1
DA:89,1
DA:98,4
DA:99,4
DA:107,0
DA:110,4
DA:114,1
LF:31
LH:29
BRDA:32,0,0,1
BRDA:32,0,1,6
BRDA:43,1,0,1
BRDA:43,1,1,5
BRDA:43,2,0,6
BRDA:43,2,1,6
BRDA:43,2,2,5
BRDA:50,3,0,1
BRDA:50,3,1,4
BRDA:50,4,0,5
BRDA:50,4,1,5
BRDA:57,5,0,0
BRDA:57,5,1,4
BRDA:57,6,0,4
BRDA:57,6,1,4
BRDA:67,7,0,1
BRDA:67,7,1,3
BRDA:74,8,0,1
BRDA:74,8,1,2
BRDA:79,9,0,1
BRDA:79,9,1,0
BRDA:81,10,0,1
BRDA:81,10,1,1
BRF:23
BRH:21
end_of_record
TN:
SF:src\faqHandler.js
FN:27,(anonymous_0)
FN:41,(anonymous_1)
FNF:2
FNH:2
FNDA:4,(anonymous_0)
FNDA:6,(anonymous_1)
DA:6,2
DA:7,2
DA:8,2
DA:10,2
DA:11,2
DA:16,2
DA:21,2
DA:28,4
DA:30,4
DA:31,4
DA:33,4
DA:34,1
DA:40,4
DA:41,6
DA:46,3
DA:48,1
DA:49,1
DA:57,2
LF:18
LH:18
BRDA:28,0,0,4
BRDA:28,0,1,0
BRDA:33,1,0,1
BRDA:33,1,1,3
BRDA:33,2,0,4
BRDA:33,2,1,2
BRF:6
BRH:5
end_of_record
